<?xml version="1.0" encoding="UTF-8"?>
<testng-results ignored="0" total="1" passed="1" failed="0" skipped="0">
  <reporter-output>
    <line>
      <![CDATA[BMW launched successfully]]>
    </line>
  </reporter-output>
  <suite started-at="2024-11-05T06:40:58 IST" name="Default suite" finished-at="2024-11-05T06:41:02 IST" duration-ms="3662">
    <groups>
      <group name="smoke">
        <method signature="BMW.launch()[pri:0, instance:cars.BMW@71d44a3]" name="launch" class="cars.BMW"/>
      </group> <!-- smoke -->
    </groups>
    <test started-at="2024-11-05T06:40:58 IST" name="Default test" finished-at="2024-11-05T06:41:02 IST" duration-ms="3662">
      <class name="cars.BMW">
        <test-method signature="launch()[pri:0, instance:cars.BMW@71d44a3]" started-at="2024-11-05T06:40:58 IST" name="launch" finished-at="2024-11-05T06:41:02 IST" duration-ms="3623" status="PASS">
          <reporter-output>
            <line>
              <![CDATA[BMW launched successfully]]>
            </line>
          </reporter-output>
        </test-method> <!-- launch -->
      </class> <!-- cars.BMW -->
    </test> <!-- Default test -->
  </suite> <!-- Default suite -->
</testng-results>
